<?xml version="1.0" encoding="UTF-8"?>
<!-- Generated by org.testng.reporters.JUnitXMLReporter -->
<testsuite hostname="YY207710" name="Test" tests="4" failures="0" timestamp="4 Jul 2020 20:09:40 GMT" time="0.017" errors="0">
  <testcase name="loadMRData" time="0.005" classname="ICAP.ISP.MRTest"/>
  <testcase name="saveMRBookMark" time="0.0" classname="ICAP.ISP.MRTest"/>
  <testcase name="loadNMData" time="0.001" classname="ICAP.ISP.NMTest"/>
  <testcase name="saveNMBookMark" time="0.0" classname="ICAP.ISP.NMTest"/>
</testsuite> <!-- Test -->
