<?xml version="1.0" encoding="UTF-8"?>
<testng-results skipped="0" failed="0" total="4" passed="4">
  <reporter-output>
  </reporter-output>
  <suite name="Suite" duration-ms="17" started-at="2020-07-04T20:09:40Z" finished-at="2020-07-04T20:09:40Z">
    <groups>
    </groups>
    <test name="Test" duration-ms="17" started-at="2020-07-04T20:09:40Z" finished-at="2020-07-04T20:09:40Z">
      <class name="ICAP.ISP.NMTest">
        <test-method status="PASS" signature="loadNMData()[pri:0, instance:ICAP.ISP.NMTest@3f2a3a5]" name="loadNMData" duration-ms="1" started-at="2020-07-05T01:39:40Z" finished-at="2020-07-05T01:39:40Z">
          <reporter-output>
          </reporter-output>
        </test-method> <!-- loadNMData -->
        <test-method status="PASS" signature="saveNMBookMark()[pri:0, instance:ICAP.ISP.NMTest@3f2a3a5]" name="saveNMBookMark" duration-ms="0" started-at="2020-07-05T01:39:40Z" finished-at="2020-07-05T01:39:40Z">
          <reporter-output>
          </reporter-output>
        </test-method> <!-- saveNMBookMark -->
      </class> <!-- ICAP.ISP.NMTest -->
      <class name="ICAP.ISP.MRTest">
        <test-method status="PASS" signature="loadMRData()[pri:0, instance:ICAP.ISP.MRTest@5d624da6]" name="loadMRData" duration-ms="5" started-at="2020-07-05T01:39:40Z" finished-at="2020-07-05T01:39:40Z">
          <reporter-output>
          </reporter-output>
        </test-method> <!-- loadMRData -->
        <test-method status="PASS" signature="saveMRBookMark()[pri:0, instance:ICAP.ISP.MRTest@5d624da6]" name="saveMRBookMark" duration-ms="0" started-at="2020-07-05T01:39:40Z" finished-at="2020-07-05T01:39:40Z">
          <reporter-output>
          </reporter-output>
        </test-method> <!-- saveMRBookMark -->
      </class> <!-- ICAP.ISP.MRTest -->
    </test> <!-- Test -->
  </suite> <!-- Suite -->
</testng-results>
